<?xml version="1.0" encoding="UTF-8"?>
<!-- Generated by org.testng.reporters.JUnitReportReporter -->
<testsuite skipped="0" hostname="LENOVO" name="docker.DockerStandAlone" tests="1" failures="0" timestamp="15 jun 2019 06:10:03 GMT" time="20.000" errors="0">
  <testcase name="googleSearch" time="20.000" classname="docker.DockerStandAlone"/>
</testsuite> <!-- docker.DockerStandAlone -->
